<?xml version="1.0" encoding="UTF-8"?>
<testsuite name="com.example.Safety.SafetyApplicationTests" tests="1" skipped="0" failures="0" errors="0" timestamp="2022-11-10T15:05:12" hostname="MacBook-Air-von-Liliane.local" time="0.353">
  <properties/>
  <testcase name="contextLoads()" classname="com.example.Safety.SafetyApplicationTests" time="0.353"/>
  <system-out><![CDATA[16:05:06.191 [Test worker] DEBUG org.springframework.test.context.BootstrapUtils - Instantiating CacheAwareContextLoaderDelegate from class [org.springframework.test.context.cache.DefaultCacheAwareContextLoaderDelegate]
16:05:06.204 [Test worker] DEBUG org.springframework.test.context.BootstrapUtils - Instantiating BootstrapContext using constructor [public org.springframework.test.context.support.DefaultBootstrapContext(java.lang.Class,org.springframework.test.context.CacheAwareContextLoaderDelegate)]
16:05:06.255 [Test worker] DEBUG org.springframework.test.context.BootstrapUtils - Instantiating TestContextBootstrapper for test class [com.example.Safety.SafetyApplicationTests] from class [org.springframework.boot.test.context.SpringBootTestContextBootstrapper]
16:05:06.269 [Test worker] INFO org.springframework.boot.test.context.SpringBootTestContextBootstrapper - Neither @ContextConfiguration nor @ContextHierarchy found for test class [com.example.Safety.SafetyApplicationTests], using SpringBootContextLoader
16:05:06.273 [Test worker] DEBUG org.springframework.test.context.support.AbstractContextLoader - Did not detect default resource location for test class [com.example.Safety.SafetyApplicationTests]: class path resource [com/example/Safety/SafetyApplicationTests-context.xml] does not exist
16:05:06.273 [Test worker] DEBUG org.springframework.test.context.support.AbstractContextLoader - Did not detect default resource location for test class [com.example.Safety.SafetyApplicationTests]: class path resource [com/example/Safety/SafetyApplicationTestsContext.groovy] does not exist
16:05:06.274 [Test worker] INFO org.springframework.test.context.support.AbstractContextLoader - Could not detect default resource locations for test class [com.example.Safety.SafetyApplicationTests]: no resource found for suffixes {-context.xml, Context.groovy}.
16:05:06.274 [Test worker] INFO org.springframework.test.context.support.AnnotationConfigContextLoaderUtils - Could not detect default configuration classes for test class [com.example.Safety.SafetyApplicationTests]: SafetyApplicationTests does not declare any static, non-private, non-final, nested classes annotated with @Configuration.
16:05:06.341 [Test worker] DEBUG org.springframework.test.context.support.ActiveProfilesUtils - Could not find an 'annotation declaring class' for annotation type [org.springframework.test.context.ActiveProfiles] and class [com.example.Safety.SafetyApplicationTests]
16:05:06.466 [Test worker] DEBUG org.springframework.context.annotation.ClassPathScanningCandidateComponentProvider - Identified candidate component class: file [/Users/lili/Documents/Uni 3.0/WebTech/Projekt/WebTechProject/WebTechProjectSafety/build/classes/java/main/com/example/Safety/SafetyApplication.class]
16:05:06.470 [Test worker] INFO org.springframework.boot.test.context.SpringBootTestContextBootstrapper - Found @SpringBootConfiguration com.example.Safety.SafetyApplication for test class com.example.Safety.SafetyApplicationTests
16:05:06.572 [Test worker] DEBUG org.springframework.boot.test.context.SpringBootTestContextBootstrapper - @TestExecutionListeners is not present for class [com.example.Safety.SafetyApplicationTests]: using defaults.
16:05:06.573 [Test worker] INFO org.springframework.boot.test.context.SpringBootTestContextBootstrapper - Loaded default TestExecutionListener class names from location [META-INF/spring.factories]: [org.springframework.boot.test.autoconfigure.restdocs.RestDocsTestExecutionListener, org.springframework.boot.test.autoconfigure.web.client.MockRestServiceServerResetTestExecutionListener, org.springframework.boot.test.autoconfigure.web.servlet.MockMvcPrintOnlyOnFailureTestExecutionListener, org.springframework.boot.test.autoconfigure.web.servlet.WebDriverTestExecutionListener, org.springframework.boot.test.autoconfigure.webservices.client.MockWebServiceServerTestExecutionListener, org.springframework.boot.test.mock.mockito.MockitoTestExecutionListener, org.springframework.boot.test.mock.mockito.ResetMocksTestExecutionListener, org.springframework.test.context.web.ServletTestExecutionListener, org.springframework.test.context.support.DirtiesContextBeforeModesTestExecutionListener, org.springframework.test.context.event.ApplicationEventsTestExecutionListener, org.springframework.test.context.support.DependencyInjectionTestExecutionListener, org.springframework.test.context.support.DirtiesContextTestExecutionListener, org.springframework.test.context.transaction.TransactionalTestExecutionListener, org.springframework.test.context.jdbc.SqlScriptsTestExecutionListener, org.springframework.test.context.event.EventPublishingTestExecutionListener]
16:05:06.593 [Test worker] INFO org.springframework.boot.test.context.SpringBootTestContextBootstrapper - Using TestExecutionListeners: [org.springframework.test.context.web.ServletTestExecutionListener@37bd68c3, org.springframework.test.context.support.DirtiesContextBeforeModesTestExecutionListener@60f7cc1d, org.springframework.test.context.event.ApplicationEventsTestExecutionListener@11eadcba, org.springframework.boot.test.mock.mockito.MockitoTestExecutionListener@4721d212, org.springframework.boot.test.autoconfigure.SpringBootDependencyInjectionTestExecutionListener@1b065145, org.springframework.test.context.support.DirtiesContextTestExecutionListener@45cff11c, org.springframework.test.context.transaction.TransactionalTestExecutionListener@207ea13, org.springframework.test.context.jdbc.SqlScriptsTestExecutionListener@4bff1903, org.springframework.test.context.event.EventPublishingTestExecutionListener@62dae540, org.springframework.boot.test.autoconfigure.restdocs.RestDocsTestExecutionListener@5827af16, org.springframework.boot.test.autoconfigure.web.client.MockRestServiceServerResetTestExecutionListener@654d8173, org.springframework.boot.test.autoconfigure.web.servlet.MockMvcPrintOnlyOnFailureTestExecutionListener@56c9bbd8, org.springframework.boot.test.autoconfigure.web.servlet.WebDriverTestExecutionListener@630cb4a4, org.springframework.boot.test.autoconfigure.webservices.client.MockWebServiceServerTestExecutionListener@636e8cc, org.springframework.boot.test.mock.mockito.ResetMocksTestExecutionListener@f79a760]
16:05:06.597 [Test worker] DEBUG org.springframework.test.context.support.AbstractDirtiesContextTestExecutionListener - Before test class: context [DefaultTestContext@7a8fa663 testClass = SafetyApplicationTests, testInstance = [null], testMethod = [null], testException = [null], mergedContextConfiguration = [WebMergedContextConfiguration@5ce33a58 testClass = SafetyApplicationTests, locations = '{}', classes = '{class com.example.Safety.SafetyApplication}', contextInitializerClasses = '[]', activeProfiles = '{}', propertySourceLocations = '{}', propertySourceProperties = '{org.springframework.boot.test.context.SpringBootTestContextBootstrapper=true}', contextCustomizers = set[org.springframework.boot.test.autoconfigure.actuate.metrics.MetricsExportContextCustomizerFactory$DisableMetricExportContextCustomizer@5ef5c734, org.springframework.boot.test.autoconfigure.properties.PropertyMappingContextCustomizer@0, org.springframework.boot.test.autoconfigure.web.servlet.WebDriverContextCustomizerFactory$Customizer@6239aba6, org.springframework.boot.test.context.filter.ExcludeFilterContextCustomizer@7164ca4c, org.springframework.boot.test.json.DuplicateJsonObjectContextCustomizerFactory$DuplicateJsonObjectContextCustomizer@7a220c9a, org.springframework.boot.test.mock.mockito.MockitoContextCustomizer@0, org.springframework.boot.test.web.client.TestRestTemplateContextCustomizer@600b90df, org.springframework.boot.test.context.SpringBootTestArgs@1, org.springframework.boot.test.context.SpringBootTestWebEnvironment@38102d01], resourceBasePath = 'src/main/webapp', contextLoader = 'org.springframework.boot.test.context.SpringBootContextLoader', parent = [null]], attributes = map['org.springframework.test.context.web.ServletTestExecutionListener.activateListener' -> true]], class annotated with @DirtiesContext [false] with mode [null].

  .   ____          _            __ _ _
 /\\ / ___'_ __ _ _(_)_ __  __ _ \ \ \ \
( ( )\___ | '_ | '_| | '_ \/ _` | \ \ \ \
 \\/  ___)| |_)| | | | | || (_| |  ) ) ) )
  '  |____| .__|_| |_|_| |_\__, | / / / /
 =========|_|==============|___/=/_/_/_/
 :: Spring Boot ::                (v2.7.4)

2022-11-10 16:05:07.294  INFO 55784 --- [    Test worker] c.example.Safety.SafetyApplicationTests  : Starting SafetyApplicationTests using Java 17.0.3 on MacBook-Air-von-Liliane.local with PID 55784 (started by lili in /Users/lili/Documents/Uni 3.0/WebTech/Projekt/WebTechProject/WebTechProjectSafety)
2022-11-10 16:05:07.296  INFO 55784 --- [    Test worker] c.example.Safety.SafetyApplicationTests  : The following 1 profile is active: "test"
2022-11-10 16:05:08.367  INFO 55784 --- [    Test worker] .s.d.r.c.RepositoryConfigurationDelegate : Bootstrapping Spring Data JPA repositories in DEFAULT mode.
2022-11-10 16:05:08.403  INFO 55784 --- [    Test worker] .s.d.r.c.RepositoryConfigurationDelegate : Finished Spring Data repository scanning in 16 ms. Found 0 JPA repository interfaces.
2022-11-10 16:05:09.361  INFO 55784 --- [    Test worker] com.zaxxer.hikari.HikariDataSource       : HikariPool-1 - Starting...
2022-11-10 16:05:09.533  INFO 55784 --- [    Test worker] com.zaxxer.hikari.HikariDataSource       : HikariPool-1 - Start completed.
2022-11-10 16:05:09.686  INFO 55784 --- [    Test worker] o.hibernate.jpa.internal.util.LogHelper  : HHH000204: Processing PersistenceUnitInfo [name: default]
2022-11-10 16:05:09.745  INFO 55784 --- [    Test worker] org.hibernate.Version                    : HHH000412: Hibernate ORM core version 5.6.11.Final
2022-11-10 16:05:09.931  INFO 55784 --- [    Test worker] o.hibernate.annotations.common.Version   : HCANN000001: Hibernate Commons Annotations {5.1.2.Final}
2022-11-10 16:05:10.127  INFO 55784 --- [    Test worker] org.hibernate.dialect.Dialect            : HHH000400: Using dialect: org.hibernate.dialect.H2Dialect
2022-11-10 16:05:10.354  INFO 55784 --- [    Test worker] o.h.e.t.j.p.i.JtaPlatformInitiator       : HHH000490: Using JtaPlatform implementation: [org.hibernate.engine.transaction.jta.platform.internal.NoJtaPlatform]
2022-11-10 16:05:10.365  INFO 55784 --- [    Test worker] j.LocalContainerEntityManagerFactoryBean : Initialized JPA EntityManagerFactory for persistence unit 'default'
2022-11-10 16:05:10.816  WARN 55784 --- [    Test worker] JpaBaseConfiguration$JpaWebConfiguration : spring.jpa.open-in-view is enabled by default. Therefore, database queries may be performed during view rendering. Explicitly configure spring.jpa.open-in-view to disable this warning
2022-11-10 16:05:12.123  INFO 55784 --- [    Test worker] c.example.Safety.SafetyApplicationTests  : Started SafetyApplicationTests in 5.469 seconds (JVM running for 6.988)
]]></system-out>
  <system-err><![CDATA[]]></system-err>
</testsuite>
